<?xml version="1.0" encoding="UTF-8"?>
<!-- Generated by org.testng.reporters.JUnitReportReporter -->
<testsuite hostname="DESKTOP-8TCJPKS" failures="0" tests="4" name="TestRunner" time="18.145" errors="0" timestamp="2023-03-26T11:43:34 EDT" skipped="0">
  <testcase classname="TestRunner" name="runScenario" time="3.756"/>
  <system-out/>
  <testcase classname="TestRunner" name="runScenario" time="4.209"/>
  <system-out/>
  <testcase classname="TestRunner" name="runScenario" time="6.607"/>
  <system-out/>
  <testcase classname="TestRunner" name="runScenario" time="3.573"/>
  <system-out/>
</testsuite> <!-- TestRunner -->
