<?xml version="1.0" encoding="UTF-8"?>
<!-- Generated by org.testng.reporters.JUnitReportReporter -->
<testsuite hostname="DESKTOP-8TCJPKS" failures="0" tests="5" name="TestRunner" time="20.748" errors="0" timestamp="2023-03-21T23:24:54 EDT" skipped="0">
  <testcase classname="TestRunner" name="runScenario" time="4.783"/>
  <system-out/>
  <testcase classname="TestRunner" name="runScenario" time="3.438"/>
  <system-out/>
  <testcase classname="TestRunner" name="runScenario" time="4.203"/>
  <system-out/>
  <testcase classname="TestRunner" name="runScenario" time="4.910"/>
  <system-out/>
  <testcase classname="TestRunner" name="runScenario" time="3.414"/>
  <system-out/>
</testsuite> <!-- TestRunner -->
